0 info it worked if it ends with ok
1 verbose cli [ '/usr/local/bin/node',
1 verbose cli   '/usr/local/bin/npm',
1 verbose cli   'run',
1 verbose cli   'dev-server' ]
2 info using npm@2.14.2
3 info using node@v4.0.0
4 verbose run-script [ 'predev-server', 'dev-server', 'postdev-server' ]
5 info predev-server legit-tabs@0.2.0
6 info dev-server legit-tabs@0.2.0
7 verbose unsafe-perm in lifecycle true
8 info legit-tabs@0.2.0 Failed to exec dev-server script
9 verbose stack Error: legit-tabs@0.2.0 dev-server: `webpack-dev-server --config ./example/server.config.js --hot --port 8881`
9 verbose stack Exit status 1
9 verbose stack     at EventEmitter.<anonymous> (/usr/local/lib/node_modules/npm/lib/utils/lifecycle.js:214:16)
9 verbose stack     at emitTwo (events.js:87:13)
9 verbose stack     at EventEmitter.emit (events.js:172:7)
9 verbose stack     at ChildProcess.<anonymous> (/usr/local/lib/node_modules/npm/lib/utils/spawn.js:24:14)
9 verbose stack     at emitTwo (events.js:87:13)
9 verbose stack     at ChildProcess.emit (events.js:172:7)
9 verbose stack     at maybeClose (internal/child_process.js:817:16)
9 verbose stack     at Process.ChildProcess._handle.onexit (internal/child_process.js:211:5)
10 verbose pkgid legit-tabs@0.2.0
11 verbose cwd /Users/darinhaener/code/legit-code/tabs
12 error Darwin 15.0.0
13 error argv "/usr/local/bin/node" "/usr/local/bin/npm" "run" "dev-server"
14 error node v4.0.0
15 error npm  v2.14.2
16 error code ELIFECYCLE
17 error legit-tabs@0.2.0 dev-server: `webpack-dev-server --config ./example/server.config.js --hot --port 8881`
17 error Exit status 1
18 error Failed at the legit-tabs@0.2.0 dev-server script 'webpack-dev-server --config ./example/server.config.js --hot --port 8881'.
18 error This is most likely a problem with the legit-tabs package,
18 error not with npm itself.
18 error Tell the author that this fails on your system:
18 error     webpack-dev-server --config ./example/server.config.js --hot --port 8881
18 error You can get their info via:
18 error     npm owner ls legit-tabs
18 error There is likely additional logging output above.
19 verbose exit [ 1, true ]
